<?xml version="1.0" encoding="UTF-8"?>
<!-- Generated by org.testng.reporters.JUnitReportReporter -->
<testsuite hostname="Rakesh" failures="0" tests="1" name="DirectRequests.ParsingJSONResponseData" time="1.483" errors="0" timestamp="2023-11-24T16:56:58 IST" skipped="0">
  <testcase classname="DirectRequests.ParsingJSONResponseData" name="convertingResponseToJSONObject2" time="1.483"/>
  <system-out/>
</testsuite> <!-- DirectRequests.ParsingJSONResponseData -->
