<?xml version="1.0" encoding="UTF-8"?>
<!-- Generated by org.testng.reporters.JUnitReportReporter -->
<testsuite hostname="Rakesh" failures="0" tests="1" name="DirectRequests.PathAndQueryParameter" time="2.281" errors="0" timestamp="2023-11-22T19:03:52 IST" skipped="0">
  <testcase classname="DirectRequests.PathAndQueryParameter" name="passingpathParam" time="2.281"/>
  <system-out/>
</testsuite> <!-- DirectRequests.PathAndQueryParameter -->
