<?xml version="1.0" encoding="UTF-8"?>
<!-- Generated by org.testng.reporters.JUnitReportReporter -->
<testsuite hostname="Rakesh" failures="0" tests="1" name="DirectRequests.HandlingHeaders" time="2.443" errors="0" timestamp="2023-11-23T00:30:19 IST" skipped="0">
  <testcase classname="DirectRequests.HandlingHeaders" name="getAllHeaderInfo" time="2.443"/>
  <system-out/>
</testsuite> <!-- DirectRequests.HandlingHeaders -->
