<?xml version="1.0" encoding="UTF-8"?>
<!-- Generated by org.testng.reporters.JUnitReportReporter -->
<testsuite hostname="Rakesh" failures="0" tests="1" name="DirectRequests.CookiesDemo" time="2.465" errors="0" timestamp="2023-11-22T23:44:46 IST" skipped="0">
  <testcase classname="DirectRequests.CookiesDemo" name="GetCookieInfo" time="2.465"/>
  <system-out/>
</testsuite> <!-- DirectRequests.CookiesDemo -->
