<?xml version="1.0" encoding="UTF-8"?>
<!-- Generated by org.testng.reporters.JUnitReportReporter -->
<testsuite hostname="Rakesh" failures="0" tests="1" name="DirectRequests.LoggingDemo" time="2.361" errors="0" timestamp="2023-11-23T00:39:19 IST" skipped="0">
  <testcase classname="DirectRequests.LoggingDemo" name="testLog" time="2.361"/>
  <system-out/>
</testsuite> <!-- DirectRequests.LoggingDemo -->
