<?xml version="1.0" encoding="UTF-8"?>
<!-- Generated by org.testng.reporters.JUnitReportReporter -->
<testsuite hostname="Rakesh" failures="0" tests="1" name="DirectRequests.ParsingXMLResponse" time="2.050" errors="0" timestamp="2023-11-26T00:25:15 IST" skipped="0">
  <testcase classname="DirectRequests.ParsingXMLResponse" name="testXMLResponseUsingXMLPathClass" time="2.050"/>
  <system-out/>
</testsuite> <!-- DirectRequests.ParsingXMLResponse -->
