<?xml version="1.0" encoding="UTF-8"?>
<!-- Generated by org.testng.reporters.JUnitReportReporter -->
<testsuite hostname="Rakesh" failures="0" tests="1" name="DirectRequests.DiffWaysOfCreatingRequestBody" time="1.052" errors="0" timestamp="2023-11-21T22:52:19 IST" skipped="0">
  <testcase classname="DirectRequests.DiffWaysOfCreatingRequestBody" name="deleteUser" time="1.052"/>
  <system-out/>
</testsuite> <!-- DirectRequests.DiffWaysOfCreatingRequestBody -->
